2024-05-16 17:23:09 - Server starting...
2024-05-16 17:24:00 - Server starting...
2024-05-16 17:25:48 - Server starting...
2024-05-16 17:27:25 - Server starting...
2024-05-16 17:27:25 - play_text - input_text: {}something
2024-05-16 17:30:53 - Server starting...
2024-05-16 17:30:53 - play_text - input_text: something
2024-05-16 17:30:53 - Synthesizing speech with input: 'something'
2024-05-16 17:30:53 - Generated SSML: <speak version='1.0' xml:lang='en-US'>
<voice xml:lang='en-US' xml:gender='Female' name='en-US-JennyNeural'>something</voice>
</speak>
2024-05-16 17:30:53 - Making request to: https://eastus.tts.speech.microsoft.com/cognitiveservices/v1
2024-05-16 17:30:53 - Response status: 400 Bad Request
2024-05-16 17:30:53 - Request failed with status: 400 Bad Request
2024-05-16 17:32:33 - Server starting...
2024-05-16 17:32:33 - play_text - input_text: something
2024-05-16 17:32:33 - Synthesizing speech with input: 'something'
2024-05-16 17:32:33 - Generated SSML: <speak version='1.0' xml:lang='en-US'>
<voice xml:lang='en-US' xml:gender='Female' name='en-US-JennyNeural'>something</voice>
</speak>
2024-05-16 17:32:33 - Making request to: https://eastus.tts.speech.microsoft.com/cognitiveservices/v1
2024-05-16 17:32:33 - Response status: 400 Bad Request
2024-05-16 17:32:33 - Request failed with status: 400 Bad Request
2024-05-16 17:40:48 - Server starting...
2024-05-16 17:40:48 - play_text - input_text: something
2024-05-16 17:43:32 - Server starting...
2024-05-16 17:43:32 - play_text - input_text: something
2024-05-16 17:43:32 - Playing Audio...
2024-05-16 17:44:13 - Server starting...
2024-05-16 17:44:13 - play_text - input_text: something
2024-05-16 17:44:14 - Playing Audio...
2024-05-16 17:45:29 - Server starting...
2024-05-16 17:45:29 - play_text - input_text: something
2024-05-16 17:45:30 - play - about to play audio reponse...
2024-05-16 17:45:30 - play_audio - playing audio
2024-05-16 17:45:30 - play_audio - playing audio
2024-05-16 18:12:08 - Server starting...
2024-05-16 18:12:08 - play_text - input_text: something
2024-05-16 18:12:09 - play - about to play audio response...
2024-05-16 18:12:21 - Server starting...
2024-05-16 18:12:21 - play_text - input_text: something
2024-05-16 18:12:22 - play - about to play audio response...
2024-05-16 18:12:26 - Server starting...
2024-05-16 18:12:26 - play_text - input_text: something
2024-05-16 18:12:26 - play - about to play audio response...
2024-05-16 18:13:01 - Server starting...
2024-05-16 18:13:01 - play_text - input_text: something
2024-05-16 18:13:01 - play - about to play audio response...
2024-05-16 18:13:20 - Server starting...
2024-05-16 18:13:20 - play_text - input_text: something
2024-05-16 18:13:21 - play - about to play audio response...
2024-05-16 18:14:40 - Server starting...
2024-05-16 18:14:40 - play_text - input_text: something
2024-05-16 18:14:41 - play - about to play audio response...
2024-05-16 18:15:29 - Server starting...
2024-05-16 18:15:29 - play_text - input_text: something
2024-05-16 18:15:29 - play - about to play audio response...
2024-05-16 18:17:51 - Server starting...
2024-05-16 18:17:51 - play_text - input_text: something
2024-05-16 18:17:52 - play - about to play audio response...
2024-05-16 18:17:52 - init_playback_channel - new command
2024-05-16 18:17:52 - new command adding to command queue...
2024-05-16 18:17:52 - new command added to command queue
2024-05-16 18:18:40 - Server starting...
2024-05-16 18:18:40 - play_text - input_text: something
2024-05-16 18:18:40 - play - about to play audio response...
